<?xml version="1.0" encoding="UTF-8"?>
<!-- Generated by org.testng.reporters.JUnitReportReporter -->
<testsuite hostname="DESKTOP-100B1FK" failures="0" tests="5" name="testng.test3" time="0.052" errors="0" timestamp="2021-08-16T09:02:26 IST" skipped="0">
  <testcase classname="testng.test3" name="status" time="0.010"/>
  <system-out>
    <![CDATA[status]]>
  </system-out>
  <testcase classname="testng.test3" name="status" time="0.006"/>
  <system-out>
    <![CDATA[status]]>
  </system-out>
  <testcase classname="testng.test3" name="chats" time="0.020"/>
  <system-out>
    <![CDATA[chats]]>
  </system-out>
  <testcase classname="testng.test3" name="status" time="0.008"/>
  <system-out>
    <![CDATA[status]]>
  </system-out>
  <testcase classname="testng.test3" name="calls" time="0.008"/>
  <system-out>
    <![CDATA[calls]]>
  </system-out>
</testsuite> <!-- testng.test3 -->
