<?xml version="1.0" encoding="UTF-8"?>
<!-- Generated by org.testng.reporters.JUnitReportReporter -->
<testsuite hostname="DESKTOP-100B1FK" failures="0" tests="2" name="testng.parallel" time="45.562" errors="0" timestamp="2021-08-17T09:36:14 IST" skipped="0">
  <testcase classname="testng.parallel" name="demo" time="22.779"/>
  <system-out/>
  <testcase classname="testng.parallel" name="demo" time="22.783"/>
  <system-out/>
</testsuite> <!-- testng.parallel -->
