<?xml version="1.0" encoding="UTF-8"?>
<!-- Generated by org.testng.reporters.JUnitReportReporter -->
<testsuite hostname="DESKTOP-100B1FK" failures="0" tests="1" name="testng.test1" time="0.022" errors="0" timestamp="2021-08-16T08:37:40 IST" skipped="0">
  <testcase classname="testng.test1" name="demo" time="0.022"/>
  <system-out>
    <![CDATA[Hello java
Hi]]>
  </system-out>
</testsuite> <!-- testng.test1 -->
