<?xml version="1.0" encoding="UTF-8"?>
<!-- Generated by org.testng.reporters.JUnitReportReporter -->
<testsuite hostname="DESKTOP-100B1FK" failures="0" tests="3" name="testng.test2" time="0.029" errors="0" timestamp="2021-08-16T08:55:17 IST" skipped="0">
  <testcase classname="testng.test2" name="chats" time="0.021"/>
  <system-out>
    <![CDATA[chats]]>
  </system-out>
  <testcase classname="testng.test2" name="status" time="0.006"/>
  <system-out>
    <![CDATA[status]]>
  </system-out>
  <testcase classname="testng.test2" name="calls" time="0.002"/>
  <system-out>
    <![CDATA[calls]]>
  </system-out>
</testsuite> <!-- testng.test2 -->
