<?xml version="1.0" encoding="UTF-8"?>
<!-- Generated by org.testng.reporters.JUnitReportReporter -->
<testsuite hostname="DESKTOP-100B1FK" failures="0" tests="5" name="testng.test4" time="0.036" errors="0" timestamp="2021-08-16T09:06:48 IST" skipped="1">
  <testcase classname="testng.test4" name="status" time="0.005"/>
  <system-out>
    <![CDATA[status]]>
  </system-out>
  <testcase classname="testng.test4" name="chats" time="0.018"/>
  <system-out>
    <![CDATA[chats]]>
  </system-out>
  <testcase classname="testng.test4" name="status" time="0.007"/>
  <system-out>
    <![CDATA[status]]>
  </system-out>
  <testcase classname="testng.test4" name="status" time="0.006"/>
  <system-out>
    <![CDATA[status]]>
  </system-out>
  <testcase classname="testng.test4" name="calls">
    <skipped/>
  </testcase> <!-- calls -->
  <system-out/>
</testsuite> <!-- testng.test4 -->
