<?xml version="1.0" encoding="UTF-8"?>
<!-- Generated by org.testng.reporters.JUnitReportReporter -->
<testsuite hostname="DESKTOP-100B1FK" failures="0" tests="1" name="testng.testcase1" time="20.933" errors="0" timestamp="2021-08-16T10:08:03 IST" skipped="0">
  <testcase classname="testng.testcase1" name="tc2" time="20.933"/>
  <system-out>
    <![CDATA[Forgotten Password | Can't Log In | Facebook
https://en-gb.facebook.com/login/identify/?ctx=recover&ars=facebook_login&from_login_screen=0]]>
  </system-out>
</testsuite> <!-- testng.testcase1 -->
