<?xml version="1.0" encoding="UTF-8"?>
<!-- Generated by org.testng.reporters.JUnitReportReporter -->
<testsuite hostname="DESKTOP-100B1FK" failures="0" tests="1" name="testng.testcase2" time="11.669" errors="0" timestamp="2021-08-16T10:08:03 IST" skipped="0">
  <testcase classname="testng.testcase2" name="tc3" time="11.669"/>
  <system-out>
    <![CDATA[Log in to Facebook
https://en-gb.facebook.com/login/?next=https%3A%2F%2Fen-gb.facebook.com%2Fpages%2Fcreate%2F%3Fref_type%3Dregistration_form]]>
  </system-out>
</testsuite> <!-- testng.testcase2 -->
